<?xml version="1.0" encoding="utf-8"?><testsuites name="pytest tests"><testsuite name="pytest" errors="0" failures="0" skipped="0" tests="8" time="2.603" timestamp="2026-08-19T08:14:30.445233+00:00" hostname="agent-env-39b2c7eb-8aaa-46cc-8333-05301f3bf2c5"><testcase classname="tests.test_vacancies_iter20" name="test_default_all_excludes_admit_and_result" time="0.416" /><testcase classname="tests.test_vacancies_iter20" name="test_category_all_excludes_admit_and_result" time="0.279" /><testcase classname="tests.test_vacancies_iter20" name="test_admit_card_filter_returns_only_admit_card" time="0.156" /><testcase classname="tests.test_vacancies_iter20" name="test_result_filter_returns_only_result" time="0.158" /><testcase classname="tests.test_vacancies_iter20" name="test_stats_totals_reflect_job_view" time="0.416" /><testcase classname="tests.test_vacancies_iter20" name="test_stats_by_state_excludes_admit_and_result" time="0.351" /><testcase classname="tests.test_vacancies_iter20" name="test_haryana_filter_still_works" time="0.116" /><testcase classname="tests.test_vacancies_iter20" name="test_admin_login_endpoint" time="0.410" /></testsuite></testsuites>