<?xml version="1.0" encoding="utf-8"?><testsuites name="pytest tests"><testsuite name="pytest" errors="0" failures="0" skipped="0" tests="10" time="0.856" timestamp="2026-08-10T08:01:42.192422+00:00" hostname="agent-env-649092ea-97da-47d6-be7b-a02a0810842c"><testcase classname="tests.test_enquiry_and_vacancies.TestEnquiry" name="test_enquiry_success_irrigation" time="0.180" /><testcase classname="tests.test_enquiry_and_vacancies.TestDeprecated" name="test_deprecated_410[/solar/apply]" time="0.224" /><testcase classname="tests.test_enquiry_and_vacancies.TestEnquiry" name="test_enquiry_short_mobile_returns_422_with_field" time="0.046" /><testcase classname="tests.test_enquiry_and_vacancies.TestDeprecated" name="test_deprecated_410[/loan/apply]" time="0.044" /><testcase classname="tests.test_enquiry_and_vacancies.TestEnquiry" name="test_enquiry_short_message_422" time="0.042" /><testcase classname="tests.test_enquiry_and_vacancies.TestDeprecated" name="test_deprecated_410[/csc/apply]" time="0.045" /><testcase classname="tests.test_enquiry_and_vacancies.TestVacancies" name="test_stats_has_last_updated" time="0.048" /><testcase classname="tests.test_enquiry_and_vacancies.TestDeprecated" name="test_deprecated_410[/irrigation/apply]" time="0.047" /><testcase classname="tests.test_enquiry_and_vacancies.TestVacancies" name="test_list_returns_data" time="0.089" /><testcase classname="tests.test_enquiry_and_vacancies.TestVacancies" name="test_offline_application_mode_present" time="0.071" /></testsuite></testsuites>