<?xml version="1.0" encoding="utf-8"?><testsuites name="pytest tests"><testsuite name="pytest" errors="0" failures="1" skipped="0" tests="9" time="3.001" timestamp="2026-08-19T07:30:47.034224+00:00" hostname="agent-env-39b2c7eb-8aaa-46cc-8333-05301f3bf2c5"><testcase classname="tests.test_site_content" name="test_get_all_site_content" time="0.324" /><testcase classname="tests.test_site_content" name="test_get_seo_home" time="0.159" /><testcase classname="tests.test_site_content" name="test_get_unknown_key_returns_404" time="0.211" /><testcase classname="tests.test_site_content" name="test_put_without_auth_returns_401" time="0.179" /><testcase classname="tests.test_site_content" name="test_put_unknown_key_returns_400" time="0.481" /><testcase classname="tests.test_site_content" name="test_put_seo_home_persists_and_cleanup" time="0.698" /><testcase classname="tests.test_site_content" name="test_put_drops_unknown_fields" time="0.297" /><testcase classname="tests.test_site_content" name="test_vacancies_stats_still_200" time="0.220" /><testcase classname="tests.test_site_content" name="test_enquiry_post_still_works" time="0.110"><failure message="AssertionError: {&quot;detail&quot;:[{&quot;type&quot;:&quot;missing&quot;,&quot;loc&quot;:[&quot;body&quot;,&quot;full_name&quot;],&quot;msg&quot;:&quot;Field required&quot;,&quot;input&quot;:{&quot;name&quot;:&quot;TEST regression&quot;,&quot;phone&quot;:&quot;9999999999&quot;,&quot;message&quot;:&quot;iteration18 site-content regression&quot;},&quot;url&quot;:&quot;https://errors.pydantic.dev/2.13/v/missing&quot;},{&quot;type&quot;:&quot;missing&quot;,&quot;loc&quot;:[&quot;body&quot;,&quot;mobile&quot;],&quot;msg&quot;:&quot;Field required&quot;,&quot;input&quot;:{&quot;name&quot;:&quot;TEST regression&quot;,&quot;phone&quot;:&quot;9999999999&quot;,&quot;message&quot;:&quot;iteration18 site-content regression&quot;},&quot;url&quot;:&quot;https://errors.pydantic.dev/2.13/v/missing&quot;},{&quot;type&quot;:&quot;missing&quot;,&quot;loc&quot;:[&quot;body&quot;,&quot;email&quot;],&quot;msg&quot;:&quot;Field required&quot;,&quot;input&quot;:{&quot;name&quot;:&quot;TEST regression&quot;,&quot;phone&quot;:&quot;9999999999&quot;,&quot;message&quot;:&quot;iteration18 site-content regression&quot;},&quot;url&quot;:&quot;https://errors.pydantic.dev/2.13/v/missing&quot;},{&quot;type&quot;:&quot;missing&quot;,&quot;loc&quot;:[&quot;body&quot;,&quot;service&quot;],&quot;msg&quot;:&quot;Field required&quot;,&quot;input&quot;:{&quot;name&quot;:&quot;TEST regression&quot;,&quot;phone&quot;:&quot;9999999999&quot;,&quot;message&quot;:&quot;iteration18 site-content regression&quot;},&quot;url&quot;:&quot;https://errors.pydantic.dev/2.13/v/missing&quot;}]}&#10;assert 422 in (200, 201)&#10; +  where 422 = &lt;Response [422]&gt;.status_code">backend/tests/test_site_content.py:127: in test_enquiry_post_still_works
    assert r.status_code in (200, 201), r.text
E   AssertionError: {"detail":[{"type":"missing","loc":["body","full_name"],"msg":"Field required","input":{"name":"TEST regression","phone":"9999999999","message":"iteration18 site-content regression"},"url":"https://errors.pydantic.dev/2.13/v/missing"},{"type":"missing","loc":["body","mobile"],"msg":"Field required","input":{"name":"TEST regression","phone":"9999999999","message":"iteration18 site-content regression"},"url":"https://errors.pydantic.dev/2.13/v/missing"},{"type":"missing","loc":["body","email"],"msg":"Field required","input":{"name":"TEST regression","phone":"9999999999","message":"iteration18 site-content regression"},"url":"https://errors.pydantic.dev/2.13/v/missing"},{"type":"missing","loc":["body","service"],"msg":"Field required","input":{"name":"TEST regression","phone":"9999999999","message":"iteration18 site-content regression"},"url":"https://errors.pydantic.dev/2.13/v/missing"}]}
E   assert 422 in (200, 201)
E    +  where 422 = &lt;Response [422]&gt;.status_code</failure></testcase></testsuite></testsuites>