<?xml version="1.0" encoding="utf-8"?><testsuites name="pytest tests"><testsuite name="pytest" errors="0" failures="0" skipped="0" tests="15" time="2.310" timestamp="2026-08-19T08:19:10.654596+00:00" hostname="agent-env-39b2c7eb-8aaa-46cc-8333-05301f3bf2c5"><testcase classname="tests.test_vacancies_iter20" name="test_default_all_excludes_admit_and_result" time="0.377" /><testcase classname="tests.test_vacancies_iter21" name="test_vacancy_category_haryana_no_admit_result" time="0.009" /><testcase classname="tests.test_vacancies_iter21" name="test_default_no_admit_or_result" time="0.029" /><testcase classname="tests.test_vacancies_iter21" name="test_category_admit_card_only_admit_card" time="0.003" /><testcase classname="tests.test_vacancies_iter21" name="test_category_result_only_result" time="0.005" /><testcase classname="tests.test_vacancies_iter21" name="test_category_ssc_only_ssc" time="0.003" /><testcase classname="tests.test_vacancies_iter21" name="test_state_delhi_no_admit_or_result" time="0.005" /><testcase classname="tests.test_vacancies_iter21" name="test_stats_by_mode_excludes_and_by_category_includes" time="0.042" /><testcase classname="tests.test_vacancies_iter20" name="test_category_all_excludes_admit_and_result" time="0.145" /><testcase classname="tests.test_vacancies_iter20" name="test_admit_card_filter_returns_only_admit_card" time="0.115" /><testcase classname="tests.test_vacancies_iter20" name="test_result_filter_returns_only_result" time="0.206" /><testcase classname="tests.test_vacancies_iter20" name="test_stats_totals_reflect_job_view" time="0.274" /><testcase classname="tests.test_vacancies_iter20" name="test_stats_by_state_excludes_admit_and_result" time="0.380" /><testcase classname="tests.test_vacancies_iter20" name="test_haryana_filter_still_works" time="0.175" /><testcase classname="tests.test_vacancies_iter20" name="test_admin_login_endpoint" time="0.339" /></testsuite></testsuites>