<?xml version="1.0" encoding="utf-8"?><testsuites name="pytest tests"><testsuite name="pytest" errors="0" failures="1" skipped="0" tests="10" time="1.140" timestamp="2026-08-15T15:17:01.008951+00:00" hostname="agent-env-39b2c7eb-8aaa-46cc-8333-05301f3bf2c5"><testcase classname="tests.test_vacancies_iter14" name="test_result_category_returns_items" time="0.225" /><testcase classname="tests.test_vacancies_iter14" name="test_stats_by_category_has_result" time="0.062" /><testcase classname="tests.test_vacancies_iter14" name="test_admit_card_scraper_healthy" time="0.047"><failure message="AssertionError: Title lacks admit-card keyword: 'MPSC Assistant Chemical Analyser Syllabus 2026'&#10;assert None&#10; +  where None = &lt;built-in method search of re.Pattern object at 0xad46447f3a70&gt;('MPSC Assistant Chemical Analyser Syllabus 2026')&#10; +    where &lt;built-in method search of re.Pattern object at 0xad46447f3a70&gt; = re.compile('admit card|hall ticket|call letter|interview letter|e-admit', re.IGNORECASE).search&#10; +    and   'MPSC Assistant Chemical Analyser Syllabus 2026' = &lt;built-in method get of dict object at 0xfb6561731080&gt;('title', '')&#10; +      where &lt;built-in method get of dict object at 0xfb6561731080&gt; = {'url': 'https://www.freejobalert.com/articles/mpsc-assistant-chemical-analyser-syllabus-3063076', 'application_mode': None, 'category': 'admit_card', 'created_at': '2026-08-15T15:14:33.837000', ...}.get">backend/tests/test_vacancies_iter14.py:54: in test_admit_card_scraper_healthy
    assert ADMIT_RX.search(v.get("title", "")), f"Title lacks admit-card keyword: {v.get('title')!r}"
E   AssertionError: Title lacks admit-card keyword: 'MPSC Assistant Chemical Analyser Syllabus 2026'
E   assert None
E    +  where None = &lt;built-in method search of re.Pattern object at 0xad46447f3a70&gt;('MPSC Assistant Chemical Analyser Syllabus 2026')
E    +    where &lt;built-in method search of re.Pattern object at 0xad46447f3a70&gt; = re.compile('admit card|hall ticket|call letter|interview letter|e-admit', re.IGNORECASE).search
E    +    and   'MPSC Assistant Chemical Analyser Syllabus 2026' = &lt;built-in method get of dict object at 0xfb6561731080&gt;('title', '')
E    +      where &lt;built-in method get of dict object at 0xfb6561731080&gt; = {'url': 'https://www.freejobalert.com/articles/mpsc-assistant-chemical-analyser-syllabus-3063076', 'application_mode': None, 'category': 'admit_card', 'created_at': '2026-08-15T15:14:33.837000', ...}.get</failure></testcase><testcase classname="tests.test_vacancies_iter14" name="test_stats_has_by_state_sorted_desc" time="0.056" /><testcase classname="tests.test_vacancies_iter14" name="test_state_filter_delhi" time="0.052" /><testcase classname="tests.test_vacancies_iter14" name="test_state_filter_punjab_no_himachal_leak" time="0.052" /><testcase classname="tests.test_vacancies_iter14" name="test_every_item_has_state_field" time="0.102" /><testcase classname="tests.test_vacancies_iter14" name="test_default_excludes_expired" time="0.080" /><testcase classname="tests.test_vacancies_iter14" name="test_mode_other_returns_null_mode" time="0.057" /><testcase classname="tests.test_vacancies_iter14" name="test_category_haryana_still_broader" time="0.048" /></testsuite></testsuites>