<?xml version="1.0" encoding="utf-8"?><testsuites name="pytest tests"><testsuite name="pytest" errors="0" failures="0" skipped="0" tests="9" time="1.364" timestamp="2026-08-15T14:57:19.354085+00:00" hostname="agent-env-39b2c7eb-8aaa-46cc-8333-05301f3bf2c5"><testcase classname="tests.test_vacancies_iter13" name="test_default_all_live" time="0.309" /><testcase classname="tests.test_vacancies_iter13" name="test_include_expired_true" time="0.249" /><testcase classname="tests.test_vacancies_iter13" name="test_category_admit_card" time="0.049" /><testcase classname="tests.test_vacancies_iter13" name="test_category_result" time="0.041" /><testcase classname="tests.test_vacancies_iter13" name="test_category_haryana_broader" time="0.045" /><testcase classname="tests.test_vacancies_iter13" name="test_mode_online" time="0.081" /><testcase classname="tests.test_vacancies_iter13" name="test_mode_offline" time="0.054" /><testcase classname="tests.test_vacancies_iter13" name="test_mode_other" time="0.061" /><testcase classname="tests.test_vacancies_iter13" name="test_stats" time="0.131" /></testsuite></testsuites>