<?xml version="1.0" encoding="utf-8"?><testsuites name="pytest tests"><testsuite name="pytest" errors="0" failures="0" skipped="0" tests="15" time="0.488" timestamp="2026-08-19T05:27:11.388012+00:00" hostname="agent-env-39b2c7eb-8aaa-46cc-8333-05301f3bf2c5"><testcase classname="tests.test_cors" name="test_preflight_allowed_origin_vacancies[https://hrdigitalservices.in]" time="0.003" /><testcase classname="tests.test_cors" name="test_preflight_allowed_origin_vacancies[https://www.hrdigitalservices.in]" time="0.002" /><testcase classname="tests.test_cors" name="test_preflight_allowed_origin_vacancies[https://haryana-solar-app.emergent.host]" time="0.002" /><testcase classname="tests.test_cors" name="test_preflight_allowed_origin_vacancies[https://rooftop-solar-jobs.preview.emergentagent.com]" time="0.001" /><testcase classname="tests.test_cors" name="test_preflight_disallowed_origin_vacancies[https://evil.example.com]" time="0.001" /><testcase classname="tests.test_cors" name="test_preflight_disallowed_origin_vacancies[http://localhost:9999]" time="0.001" /><testcase classname="tests.test_cors" name="test_preflight_disallowed_origin_vacancies[https://malicious.attacker.io]" time="0.001" /><testcase classname="tests.test_cors" name="test_get_vacancies_no_origin" time="0.028" /><testcase classname="tests.test_cors" name="test_get_vacancies_with_allowed_origin[https://hrdigitalservices.in]" time="0.026" /><testcase classname="tests.test_cors" name="test_get_vacancies_with_allowed_origin[https://www.hrdigitalservices.in]" time="0.027" /><testcase classname="tests.test_cors" name="test_get_vacancies_with_allowed_origin[https://haryana-solar-app.emergent.host]" time="0.027" /><testcase classname="tests.test_cors" name="test_get_vacancies_with_allowed_origin[https://rooftop-solar-jobs.preview.emergentagent.com]" time="0.026" /><testcase classname="tests.test_cors" name="test_get_vacancies_stats_allowed_origin" time="0.015" /><testcase classname="tests.test_cors" name="test_post_enquiry_allowed_origin" time="0.003" /><testcase classname="tests.test_cors" name="test_disallowed_origin_get_does_not_get_acao" time="0.024" /></testsuite></testsuites>