<?xml version="1.0" encoding="utf-8"?><testsuites name="pytest tests"><testsuite name="pytest" errors="0" failures="0" skipped="0" tests="57" time="12.629" timestamp="2026-07-30T08:01:08.688092+00:00" hostname="agent-env-3098051c-e51e-4eab-9eab-717568e78c3b"><testcase classname="tests.backend_test" name="test_root" time="0.135" /><testcase classname="tests.backend_test" name="test_register_new_user" time="0.396" /><testcase classname="tests.backend_test" name="test_register_duplicate_email" time="0.091" /><testcase classname="tests.backend_test" name="test_login_success" time="0.327" /><testcase classname="tests.backend_test" name="test_login_wrong_password" time="0.326" /><testcase classname="tests.backend_test" name="test_me_unauthenticated" time="0.098" /><testcase classname="tests.backend_test" name="test_me_authenticated" time="0.363" /><testcase classname="tests.backend_test" name="test_logout_clears_cookies" time="0.366" /><testcase classname="tests.backend_test" name="test_google_auth_stub_removed" time="0.096" /><testcase classname="tests.backend_test" name="test_bcrypt_hash_format" time="0.000" /><testcase classname="tests.backend_test" name="test_contact_submission" time="0.066" /><testcase classname="tests.backend_test" name="test_solar_apply_unauthenticated" time="0.097" /><testcase classname="tests.backend_test" name="test_solar_apply_authenticated_and_my" time="0.092" /><testcase classname="tests.backend_test" name="test_solar_my_requires_auth" time="0.095" /><testcase classname="tests.backend_test" name="test_loan_apply_unauthenticated" time="0.098" /><testcase classname="tests.backend_test" name="test_loan_apply_authenticated_and_my" time="0.092" /><testcase classname="tests.backend_test" name="test_loan_my_requires_auth" time="0.093" /><testcase classname="tests.backend_test" name="test_status_lookup_solar" time="0.197" /><testcase classname="tests.backend_test" name="test_status_lookup_loan" time="0.197" /><testcase classname="tests.backend_test" name="test_status_lookup_not_found" time="0.129" /><testcase classname="tests.backend_test" name="test_notices_seeded" time="0.047" /><testcase classname="tests.backend_test" name="test_faqs_seeded" time="0.049" /><testcase classname="tests.backend_test" name="test_downloads_seeded" time="0.057" /><testcase classname="tests.backend_test" name="test_admin_login" time="0.323" /><testcase classname="tests.backend_test" name="test_auth_session_missing_header" time="0.116" /><testcase classname="tests.backend_test" name="test_auth_session_fake_id_returns_401" time="0.190" /><testcase classname="tests.backend_test" name="test_admin_stats_unauthenticated" time="0.094" /><testcase classname="tests.backend_test" name="test_admin_stats_forbidden_for_regular_user" time="0.048" /><testcase classname="tests.backend_test" name="test_admin_stats_ok_for_admin" time="0.373" /><testcase classname="tests.backend_test" name="test_admin_users_list" time="0.049" /><testcase classname="tests.backend_test" name="test_admin_solar_list" time="0.047" /><testcase classname="tests.backend_test" name="test_admin_loan_list" time="0.063" /><testcase classname="tests.backend_test" name="test_admin_contacts_list" time="0.047" /><testcase classname="tests.backend_test" name="test_admin_update_solar_status_success" time="0.261" /><testcase classname="tests.backend_test" name="test_admin_update_loan_status_invalid" time="0.152" /><testcase classname="tests.backend_test" name="test_admin_update_solar_status_not_found" time="0.047" /><testcase classname="tests.backend_test" name="test_admin_create_and_delete_notice" time="0.090" /><testcase classname="tests.backend_test" name="test_admin_delete_notice_invalid_id" time="0.045" /><testcase classname="tests.backend_test" name="test_new_user_uuid_flow_end_to_end" time="0.489" /><testcase classname="tests.backend_test" name="test_logout_clears_session_token_cookie" time="0.364" /><testcase classname="tests.backend_test" name="test_forgot_password_existing_email_returns_ok" time="0.449" /><testcase classname="tests.backend_test" name="test_forgot_password_nonexistent_email_returns_ok_no_leak" time="0.099" /><testcase classname="tests.backend_test" name="test_forgot_password_creates_token_in_db" time="0.592" /><testcase classname="tests.backend_test" name="test_reset_password_invalid_token" time="0.098" /><testcase classname="tests.backend_test" name="test_reset_password_valid_token_updates_password_and_login_new_not_old" time="1.410" /><testcase classname="tests.backend_test" name="test_reset_password_reuse_token_fails" time="0.906" /><testcase classname="tests.backend_test" name="test_uploads_without_auth_returns_401" time="0.110" /><testcase classname="tests.backend_test" name="test_uploads_valid_png_returns_id_and_url" time="0.044" /><testcase classname="tests.backend_test" name="test_uploads_valid_pdf" time="0.045" /><testcase classname="tests.backend_test" name="test_uploads_unsupported_mime_returns_400" time="0.045" /><testcase classname="tests.backend_test" name="test_get_uploaded_file_returns_200" time="0.149" /><testcase classname="tests.backend_test" name="test_upload_with_ref_no_attaches_to_application" time="0.094" /><testcase classname="tests.backend_test" name="test_admin_analytics_unauthenticated" time="0.095" /><testcase classname="tests.backend_test" name="test_admin_analytics_forbidden_for_user" time="0.043" /><testcase classname="tests.backend_test" name="test_admin_analytics_ok_for_admin" time="0.048" /><testcase classname="tests.backend_test" name="test_admin_analytics_by_day_has_30_entries" time="0.046" /><testcase classname="tests.backend_test" name="test_solar_apply_triggers_email_log" time="1.098" /></testsuite></testsuites>