<?xml version="1.0" encoding="utf-8"?><testsuites name="pytest tests"><testsuite name="pytest" errors="0" failures="0" skipped="0" tests="24" time="4.996" timestamp="2026-07-30T07:09:39.841781+00:00" hostname="agent-env-3098051c-e51e-4eab-9eab-717568e78c3b"><testcase classname="tests.backend_test" name="test_root" time="0.319" /><testcase classname="tests.backend_test" name="test_register_new_user" time="0.388" /><testcase classname="tests.backend_test" name="test_register_duplicate_email" time="0.136" /><testcase classname="tests.backend_test" name="test_login_success" time="0.332" /><testcase classname="tests.backend_test" name="test_login_wrong_password" time="0.356" /><testcase classname="tests.backend_test" name="test_me_unauthenticated" time="0.146" /><testcase classname="tests.backend_test" name="test_me_authenticated" time="0.381" /><testcase classname="tests.backend_test" name="test_logout_clears_cookies" time="0.388" /><testcase classname="tests.backend_test" name="test_google_auth_stub" time="0.144" /><testcase classname="tests.backend_test" name="test_bcrypt_hash_format" time="0.000" /><testcase classname="tests.backend_test" name="test_contact_submission" time="0.078" /><testcase classname="tests.backend_test" name="test_solar_apply_unauthenticated" time="0.113" /><testcase classname="tests.backend_test" name="test_solar_apply_authenticated_and_my" time="0.095" /><testcase classname="tests.backend_test" name="test_solar_my_requires_auth" time="0.135" /><testcase classname="tests.backend_test" name="test_loan_apply_unauthenticated" time="0.109" /><testcase classname="tests.backend_test" name="test_loan_apply_authenticated_and_my" time="0.093" /><testcase classname="tests.backend_test" name="test_loan_my_requires_auth" time="0.117" /><testcase classname="tests.backend_test" name="test_status_lookup_solar" time="0.203" /><testcase classname="tests.backend_test" name="test_status_lookup_loan" time="0.216" /><testcase classname="tests.backend_test" name="test_status_lookup_not_found" time="0.109" /><testcase classname="tests.backend_test" name="test_notices_seeded" time="0.049" /><testcase classname="tests.backend_test" name="test_faqs_seeded" time="0.051" /><testcase classname="tests.backend_test" name="test_downloads_seeded" time="0.058" /><testcase classname="tests.backend_test" name="test_admin_login" time="0.360" /></testsuite></testsuites>