<?xml version="1.0" encoding="utf-8"?><testsuites name="pytest tests"><testsuite name="pytest" errors="0" failures="0" skipped="0" tests="8" time="0.922" timestamp="2026-08-10T05:56:41.461430+00:00" hostname="agent-env-649092ea-97da-47d6-be7b-a02a0810842c"><testcase classname="tests.test_rebrand_compliance.TestFAQsCompliance" name="test_faqs_contain_private_business_disclaimer" time="0.229" /><testcase classname="tests.test_rebrand_compliance.TestEnquiry" name="test_valid_submission_returns_ref_no" time="0.228" /><testcase classname="tests.test_rebrand_compliance.TestFAQsCompliance" name="test_faqs_contain_no_loan_guarantee" time="0.127" /><testcase classname="tests.test_rebrand_compliance.TestEnquiry" name="test_missing_email_returns_422" time="0.097" /><testcase classname="tests.test_rebrand_compliance.TestEnquiry" name="test_invalid_email_returns_422" time="0.094" /><testcase classname="tests.test_rebrand_compliance.TestFAQsCompliance" name="test_faqs_never_ask_aadhaar_pan" time="0.135" /><testcase classname="tests.test_rebrand_compliance.TestEnquiry" name="test_short_message_returns_422" time="0.094" /><testcase classname="tests.test_rebrand_compliance.TestNoticesCompliance" name="test_notices_no_forbidden_claims" time="0.094" /></testsuite></testsuites>