<?xml version="1.0" encoding="utf-8"?><testsuites name="pytest tests"><testsuite name="pytest" errors="0" failures="0" skipped="0" tests="5" time="1.017" timestamp="2026-08-15T11:30:27.847671+00:00" hostname="agent-env-649092ea-97da-47d6-be7b-a02a0810842c"><testcase classname="tests.test_seo_endpoints.TestSEOEndpoints" name="test_api_robots_txt" time="0.201" /><testcase classname="tests.test_seo_endpoints.TestSEOEndpoints" name="test_api_sitemap_xml" time="0.132" /><testcase classname="tests.test_seo_endpoints.TestSEOEndpoints" name="test_google_verification_file" time="0.095" /><testcase classname="tests.test_seo_endpoints.TestSEOEndpoints" name="test_static_robots_txt" time="0.138" /><testcase classname="tests.test_seo_endpoints.TestSEOEndpoints" name="test_enquiry_post_valid" time="0.129" /></testsuite></testsuites>