<?xml version="1.0" encoding="utf-8"?><testsuites name="pytest tests"><testsuite name="pytest" errors="0" failures="0" skipped="0" tests="18" time="6.199" timestamp="2026-08-08T14:55:15.963981+00:00" hostname="agent-env-3098051c-e51e-4eab-9eab-717568e78c3b"><testcase classname="tests.test_vacancies" name="test_vacancies_list_returns_real_titles" time="0.132" /><testcase classname="tests.test_vacancies" name="test_vacancies_filter_category_bank" time="0.103" /><testcase classname="tests.test_vacancies" name="test_vacancies_filter_qualification" time="0.108" /><testcase classname="tests.test_vacancies" name="test_vacancies_search_query" time="0.121" /><testcase classname="tests.test_vacancies" name="test_vacancies_stats" time="0.104" /><testcase classname="tests.test_vacancies" name="test_vacancy_detail_invalid_id" time="1.128" /><testcase classname="tests.test_vacancies" name="test_vacancy_detail_valid_but_missing" time="0.111" /><testcase classname="tests.test_vacancies" name="test_vacancy_detail_full_structure" time="0.430" /><testcase classname="tests.test_vacancies" name="test_admin_refresh_requires_admin" time="0.389" /><testcase classname="tests.test_vacancies" name="test_admin_refresh_unauthenticated" time="0.111" /><testcase classname="tests.test_vacancies" name="test_admin_refresh_ok" time="1.023" /><testcase classname="tests.test_vacancies" name="test_subscribe_requires_at_least_one_criteria" time="0.140" /><testcase classname="tests.test_vacancies" name="test_subscribe_success" time="0.102" /><testcase classname="tests.test_vacancies" name="test_subscribe_duplicate_upserts" time="0.197" /><testcase classname="tests.test_vacancies" name="test_status_unknown_email" time="0.100" /><testcase classname="tests.test_vacancies" name="test_unsubscribe_success_then_status_inactive" time="0.306" /><testcase classname="tests.test_vacancies" name="test_unsubscribe_invalid_token" time="0.119" /><testcase classname="tests.test_vacancies" name="test_subscribe_triggers_email_log" time="1.096" /></testsuite></testsuites>