<?xml version="1.0" encoding="utf-8"?><testsuites name="pytest tests"><testsuite name="pytest" errors="0" failures="1" skipped="0" tests="6" time="1.489" timestamp="2026-08-10T08:06:18.949460+00:00" hostname="agent-env-649092ea-97da-47d6-be7b-a02a0810842c"><testcase classname="tests.test_vacancies_mode" name="test_stats_by_mode_shape" time="0.196" /><testcase classname="tests.test_vacancies_mode" name="test_vacancies_default_returns_all" time="0.294" /><testcase classname="tests.test_vacancies_mode" name="test_vacancies_mode_offline" time="0.244" /><testcase classname="tests.test_vacancies_mode" name="test_vacancies_mode_online" time="0.213" /><testcase classname="tests.test_vacancies_mode" name="test_solar_apply_gone" time="0.096" /><testcase classname="tests.test_vacancies_mode" name="test_enquiry_ok" time="0.098"><failure message="assert 422 == 200&#10; +  where 422 = &lt;Response [422]&gt;.status_code">backend/tests/test_vacancies_mode.py:59: in test_enquiry_ok
    assert r.status_code == 200
E   assert 422 == 200
E    +  where 422 = &lt;Response [422]&gt;.status_code</failure></testcase></testsuite></testsuites>